CRITICAL - 2025-06-08 07:57:09 --> CodeIgniter\Database\Exceptions\DataException: There is no data to update.
[Method: POST, Route: siswa/evaluasi/umum/submit]
in SYSTEMPATH\BaseModel.php on line 1014.
 1 SYSTEMPATH\BaseModel.php(1014): CodeIgniter\Database\Exceptions\DataException::forEmptyDataset('update')
 2 SYSTEMPATH\Model.php(863): CodeIgniter\BaseModel->update([...], [])
 3 APPPATH\Models\ProgressModel.php(48): CodeIgniter\Model->update('1', [...])
 4 APPPATH\Controllers\Siswa.php(963): App\Models\ProgressModel->updateProgress('1', [...])
 5 SYSTEMPATH\CodeIgniter.php(933): App\Controllers\Siswa->submitEvaluasi()
 6 SYSTEMPATH\CodeIgniter.php(507): CodeIgniter\CodeIgniter->runController(Object(App\Controllers\Siswa))
 7 SYSTEMPATH\CodeIgniter.php(354): CodeIgniter\CodeIgniter->handleRequest(null, Object(Config\Cache), false)
 8 SYSTEMPATH\Boot.php(334): CodeIgniter\CodeIgniter->run()
 9 SYSTEMPATH\Boot.php(67): CodeIgniter\Boot::runCodeIgniter(Object(CodeIgniter\CodeIgniter))
10 FCPATH\index.php(59): CodeIgniter\Boot::bootWeb(Object(Config\Paths))
CRITICAL - 2025-06-08 07:59:12 --> CodeIgniter\Database\Exceptions\DataException: There is no data to update.
[Method: POST, Route: siswa/evaluasi/umum/submit]
in SYSTEMPATH\BaseModel.php on line 1014.
 1 SYSTEMPATH\BaseModel.php(1014): CodeIgniter\Database\Exceptions\DataException::forEmptyDataset('update')
 2 SYSTEMPATH\Model.php(863): CodeIgniter\BaseModel->update([...], [])
 3 APPPATH\Models\ProgressModel.php(49): CodeIgniter\Model->update('1', [...])
 4 APPPATH\Controllers\Siswa.php(963): App\Models\ProgressModel->updateProgress('1', [...])
 5 SYSTEMPATH\CodeIgniter.php(933): App\Controllers\Siswa->submitEvaluasi()
 6 SYSTEMPATH\CodeIgniter.php(507): CodeIgniter\CodeIgniter->runController(Object(App\Controllers\Siswa))
 7 SYSTEMPATH\CodeIgniter.php(354): CodeIgniter\CodeIgniter->handleRequest(null, Object(Config\Cache), false)
 8 SYSTEMPATH\Boot.php(334): CodeIgniter\CodeIgniter->run()
 9 SYSTEMPATH\Boot.php(67): CodeIgniter\Boot::runCodeIgniter(Object(CodeIgniter\CodeIgniter))
10 FCPATH\index.php(59): CodeIgniter\Boot::bootWeb(Object(Config\Paths))
CRITICAL - 2025-06-08 07:59:33 --> CodeIgniter\Database\Exceptions\DataException: There is no data to update.
[Method: POST, Route: siswa/evaluasi/umum/submit]
in SYSTEMPATH\BaseModel.php on line 1014.
 1 SYSTEMPATH\BaseModel.php(1014): CodeIgniter\Database\Exceptions\DataException::forEmptyDataset('update')
 2 SYSTEMPATH\Model.php(863): CodeIgniter\BaseModel->update([...], [])
 3 APPPATH\Models\ProgressModel.php(49): CodeIgniter\Model->update('1', [...])
 4 APPPATH\Controllers\Siswa.php(963): App\Models\ProgressModel->updateProgress('1', [...])
 5 SYSTEMPATH\CodeIgniter.php(933): App\Controllers\Siswa->submitEvaluasi()
 6 SYSTEMPATH\CodeIgniter.php(507): CodeIgniter\CodeIgniter->runController(Object(App\Controllers\Siswa))
 7 SYSTEMPATH\CodeIgniter.php(354): CodeIgniter\CodeIgniter->handleRequest(null, Object(Config\Cache), false)
 8 SYSTEMPATH\Boot.php(334): CodeIgniter\CodeIgniter->run()
 9 SYSTEMPATH\Boot.php(67): CodeIgniter\Boot::runCodeIgniter(Object(CodeIgniter\CodeIgniter))
10 FCPATH\index.php(59): CodeIgniter\Boot::bootWeb(Object(Config\Paths))
CRITICAL - 2025-06-08 07:59:48 --> CodeIgniter\Database\Exceptions\DataException: There is no data to update.
[Method: POST, Route: siswa/evaluasi/umum/submit]
in SYSTEMPATH\BaseModel.php on line 1014.
 1 SYSTEMPATH\BaseModel.php(1014): CodeIgniter\Database\Exceptions\DataException::forEmptyDataset('update')
 2 SYSTEMPATH\Model.php(863): CodeIgniter\BaseModel->update([...], [])
 3 APPPATH\Models\ProgressModel.php(49): CodeIgniter\Model->update('1', [...])
 4 APPPATH\Controllers\Siswa.php(963): App\Models\ProgressModel->updateProgress('1', [...])
 5 SYSTEMPATH\CodeIgniter.php(933): App\Controllers\Siswa->submitEvaluasi()
 6 SYSTEMPATH\CodeIgniter.php(507): CodeIgniter\CodeIgniter->runController(Object(App\Controllers\Siswa))
 7 SYSTEMPATH\CodeIgniter.php(354): CodeIgniter\CodeIgniter->handleRequest(null, Object(Config\Cache), false)
 8 SYSTEMPATH\Boot.php(334): CodeIgniter\CodeIgniter->run()
 9 SYSTEMPATH\Boot.php(67): CodeIgniter\Boot::runCodeIgniter(Object(CodeIgniter\CodeIgniter))
10 FCPATH\index.php(59): CodeIgniter\Boot::bootWeb(Object(Config\Paths))
CRITICAL - 2025-06-08 11:36:55 --> ErrorException: Undefined array key "updated_at"
[Method: GET, Route: guru/nilai-kpk]
in APPPATH\Views\guru\nilai_kpk.php on line 57.
 1 APPPATH\Views\guru\nilai_kpk.php(57): CodeIgniter\Debug\Exceptions->errorHandler(2, 'Undefined array key "updated_at"', 'D:\\XAMPP-Update\\htdocs\\Belajar-KPK-dan-FPB-kelas-5\\app\\Views\\guru\\nilai_kpk.php', 57)
 2 SYSTEMPATH\View\View.php(224): include('D:\\XAMPP-Update\\htdocs\\Belajar-KPK-dan-FPB-kelas-5\\app\\Views\\guru\\nilai_kpk.php')
 3 SYSTEMPATH\View\View.php(227): CodeIgniter\View\View->CodeIgniter\View\{closure}()
 4 SYSTEMPATH\Common.php(1173): CodeIgniter\View\View->render('guru/nilai_kpk', [], true)
 5 APPPATH\Controllers\Guru.php(451): view('guru/nilai_kpk', [...])
 6 SYSTEMPATH\CodeIgniter.php(933): App\Controllers\Guru->nilaiKpk()
 7 SYSTEMPATH\CodeIgniter.php(507): CodeIgniter\CodeIgniter->runController(Object(App\Controllers\Guru))
 8 SYSTEMPATH\CodeIgniter.php(354): CodeIgniter\CodeIgniter->handleRequest(null, Object(Config\Cache), false)
 9 SYSTEMPATH\Boot.php(334): CodeIgniter\CodeIgniter->run()
10 SYSTEMPATH\Boot.php(67): CodeIgniter\Boot::runCodeIgniter(Object(CodeIgniter\CodeIgniter))
11 FCPATH\index.php(59): CodeIgniter\Boot::bootWeb(Object(Config\Paths))
CRITICAL - 2025-06-08 11:46:30 --> ErrorException: Undefined property: App\Controllers\Siswa::$SiswafpbModel
[Method: POST, Route: siswa/evaluasi/fpb/submit]
in APPPATH\Controllers\Siswa.php on line 693.
 1 APPPATH\Controllers\Siswa.php(693): CodeIgniter\Debug\Exceptions->errorHandler(2, 'Undefined property: App\\Controllers\\Siswa::$SiswafpbModel', 'D:\\XAMPP-Update\\htdocs\\Belajar-KPK-dan-FPB-kelas-5\\app\\Controllers\\Siswa.php', 693)
 2 SYSTEMPATH\CodeIgniter.php(933): App\Controllers\Siswa->submitFpb()
 3 SYSTEMPATH\CodeIgniter.php(507): CodeIgniter\CodeIgniter->runController(Object(App\Controllers\Siswa))
 4 SYSTEMPATH\CodeIgniter.php(354): CodeIgniter\CodeIgniter->handleRequest(null, Object(Config\Cache), false)
 5 SYSTEMPATH\Boot.php(334): CodeIgniter\CodeIgniter->run()
 6 SYSTEMPATH\Boot.php(67): CodeIgniter\Boot::runCodeIgniter(Object(CodeIgniter\CodeIgniter))
 7 FCPATH\index.php(59): CodeIgniter\Boot::bootWeb(Object(Config\Paths))
CRITICAL - 2025-06-08 11:46:41 --> ErrorException: Undefined property: App\Controllers\Siswa::$SiswafpbModel
[Method: POST, Route: siswa/evaluasi/fpb/submit]
in APPPATH\Controllers\Siswa.php on line 693.
 1 APPPATH\Controllers\Siswa.php(693): CodeIgniter\Debug\Exceptions->errorHandler(2, 'Undefined property: App\\Controllers\\Siswa::$SiswafpbModel', 'D:\\XAMPP-Update\\htdocs\\Belajar-KPK-dan-FPB-kelas-5\\app\\Controllers\\Siswa.php', 693)
 2 SYSTEMPATH\CodeIgniter.php(933): App\Controllers\Siswa->submitFpb()
 3 SYSTEMPATH\CodeIgniter.php(507): CodeIgniter\CodeIgniter->runController(Object(App\Controllers\Siswa))
 4 SYSTEMPATH\CodeIgniter.php(354): CodeIgniter\CodeIgniter->handleRequest(null, Object(Config\Cache), false)
 5 SYSTEMPATH\Boot.php(334): CodeIgniter\CodeIgniter->run()
 6 SYSTEMPATH\Boot.php(67): CodeIgniter\Boot::runCodeIgniter(Object(CodeIgniter\CodeIgniter))
 7 FCPATH\index.php(59): CodeIgniter\Boot::bootWeb(Object(Config\Paths))
