ERROR - 2025-11-07 04:11:14 --> Error connecting to the database: mysqli_sql_exception: Access denied for user 'researc4'@'localhost' (using password: YES) in /home/researc4/belajar-kpk-fpb-kelas-5.id/system/Database/MySQLi/Connection.php:201
Stack trace:
#0 /home/researc4/belajar-kpk-fpb-kelas-5.id/system/Database/MySQLi/Connection.php(201): mysqli->real_connect()
#1 /home/researc4/belajar-kpk-fpb-kelas-5.id/system/Database/BaseConnection.php(421): CodeIgniter\Database\MySQLi\Connection->connect()
#2 /home/researc4/belajar-kpk-fpb-kelas-5.id/system/Database/BaseConnection.php(620): CodeIgniter\Database\BaseConnection->initialize()
#3 /home/researc4/belajar-kpk-fpb-kelas-5.id/system/Database/BaseBuilder.php(1649): CodeIgniter\Database\BaseConnection->query()
#4 /home/researc4/belajar-kpk-fpb-kelas-5.id/system/Model.php(330): CodeIgniter\Database\BaseBuilder->get()
#5 /home/researc4/belajar-kpk-fpb-kelas-5.id/system/BaseModel.php(717): CodeIgniter\Model->doFirst()
#6 /home/researc4/belajar-kpk-fpb-kelas-5.id/app/Controllers/Login.php(75): CodeIgniter\BaseModel->first()
#7 /home/researc4/belajar-kpk-fpb-kelas-5.id/system/CodeIgniter.php(933): App\Controllers\Login->authSiswa()
#8 /home/researc4/belajar-kpk-fpb-kelas-5.id/system/CodeIgniter.php(507): CodeIgniter\CodeIgniter->runController()
#9 /home/researc4/belajar-kpk-fpb-kelas-5.id/system/CodeIgniter.php(354): CodeIgniter\CodeIgniter->handleRequest()
#10 /home/researc4/belajar-kpk-fpb-kelas-5.id/system/Boot.php(334): CodeIgniter\CodeIgniter->run()
#11 /home/researc4/belajar-kpk-fpb-kelas-5.id/system/Boot.php(67): CodeIgniter\Boot::runCodeIgniter()
#12 /home/researc4/belajar-kpk-fpb-kelas-5.id/public/index.php(59): CodeIgniter\Boot::bootWeb()
#13 {main}

Next CodeIgniter\Database\Exceptions\DatabaseException: Access denied for user '****'@'localhost' (using password: YES) in /home/researc4/belajar-kpk-fpb-kelas-5.id/system/Database/MySQLi/Connection.php:246
Stack trace:
#0 /home/researc4/belajar-kpk-fpb-kelas-5.id/system/Database/BaseConnection.php(421): CodeIgniter\Database\MySQLi\Connection->connect()
#1 /home/researc4/belajar-kpk-fpb-kelas-5.id/system/Database/BaseConnection.php(620): CodeIgniter\Database\BaseConnection->initialize()
#2 /home/researc4/belajar-kpk-fpb-kelas-5.id/system/Database/BaseBuilder.php(1649): CodeIgniter\Database\BaseConnection->query()
#3 /home/researc4/belajar-kpk-fpb-kelas-5.id/system/Model.php(330): CodeIgniter\Database\BaseBuilder->get()
#4 /home/researc4/belajar-kpk-fpb-kelas-5.id/system/BaseModel.php(717): CodeIgniter\Model->doFirst()
#5 /home/researc4/belajar-kpk-fpb-kelas-5.id/app/Controllers/Login.php(75): CodeIgniter\BaseModel->first()
#6 /home/researc4/belajar-kpk-fpb-kelas-5.id/system/CodeIgniter.php(933): App\Controllers\Login->authSiswa()
#7 /home/researc4/belajar-kpk-fpb-kelas-5.id/system/CodeIgniter.php(507): CodeIgniter\CodeIgniter->runController()
#8 /home/researc4/belajar-kpk-fpb-kelas-5.id/system/CodeIgniter.php(354): CodeIgniter\CodeIgniter->handleRequest()
#9 /home/researc4/belajar-kpk-fpb-kelas-5.id/system/Boot.php(334): CodeIgniter\CodeIgniter->run()
#10 /home/researc4/belajar-kpk-fpb-kelas-5.id/system/Boot.php(67): CodeIgniter\Boot::runCodeIgniter()
#11 /home/researc4/belajar-kpk-fpb-kelas-5.id/public/index.php(59): CodeIgniter\Boot::bootWeb()
#12 {main}
CRITICAL - 2025-11-07 04:11:14 --> CodeIgniter\Database\Exceptions\DatabaseException: Unable to connect to the database.
Main connection [MySQLi]: Access denied for user '****'@'localhost' (using password: YES)
[Method: POST, Route: login/auth/siswa]
in SYSTEMPATH/Database/BaseConnection.php on line 467.
 1 SYSTEMPATH/Database/BaseConnection.php(620): CodeIgniter\Database\BaseConnection->initialize()
 2 SYSTEMPATH/Database/BaseBuilder.php(1649): CodeIgniter\Database\BaseConnection->query()
 3 SYSTEMPATH/Model.php(330): CodeIgniter\Database\BaseBuilder->get()
 4 SYSTEMPATH/BaseModel.php(717): CodeIgniter\Model->doFirst()
 5 APPPATH/Controllers/Login.php(75): CodeIgniter\BaseModel->first()
 6 SYSTEMPATH/CodeIgniter.php(933): App\Controllers\Login->authSiswa()
 7 SYSTEMPATH/CodeIgniter.php(507): CodeIgniter\CodeIgniter->runController()
 8 SYSTEMPATH/CodeIgniter.php(354): CodeIgniter\CodeIgniter->handleRequest()
 9 SYSTEMPATH/Boot.php(334): CodeIgniter\CodeIgniter->run()
10 SYSTEMPATH/Boot.php(67): CodeIgniter\Boot::runCodeIgniter()
11 FCPATH/index.php(59): CodeIgniter\Boot::bootWeb()
ERROR - 2025-11-07 04:11:29 --> Error connecting to the database: mysqli_sql_exception: Access denied for user 'researc4'@'localhost' (using password: YES) in /home/researc4/belajar-kpk-fpb-kelas-5.id/system/Database/MySQLi/Connection.php:201
Stack trace:
#0 /home/researc4/belajar-kpk-fpb-kelas-5.id/system/Database/MySQLi/Connection.php(201): mysqli->real_connect()
#1 /home/researc4/belajar-kpk-fpb-kelas-5.id/system/Database/BaseConnection.php(421): CodeIgniter\Database\MySQLi\Connection->connect()
#2 /home/researc4/belajar-kpk-fpb-kelas-5.id/system/Database/BaseConnection.php(620): CodeIgniter\Database\BaseConnection->initialize()
#3 /home/researc4/belajar-kpk-fpb-kelas-5.id/system/Database/BaseBuilder.php(1649): CodeIgniter\Database\BaseConnection->query()
#4 /home/researc4/belajar-kpk-fpb-kelas-5.id/system/Model.php(330): CodeIgniter\Database\BaseBuilder->get()
#5 /home/researc4/belajar-kpk-fpb-kelas-5.id/system/BaseModel.php(717): CodeIgniter\Model->doFirst()
#6 /home/researc4/belajar-kpk-fpb-kelas-5.id/app/Controllers/Login.php(75): CodeIgniter\BaseModel->first()
#7 /home/researc4/belajar-kpk-fpb-kelas-5.id/system/CodeIgniter.php(933): App\Controllers\Login->authSiswa()
#8 /home/researc4/belajar-kpk-fpb-kelas-5.id/system/CodeIgniter.php(507): CodeIgniter\CodeIgniter->runController()
#9 /home/researc4/belajar-kpk-fpb-kelas-5.id/system/CodeIgniter.php(354): CodeIgniter\CodeIgniter->handleRequest()
#10 /home/researc4/belajar-kpk-fpb-kelas-5.id/system/Boot.php(334): CodeIgniter\CodeIgniter->run()
#11 /home/researc4/belajar-kpk-fpb-kelas-5.id/system/Boot.php(67): CodeIgniter\Boot::runCodeIgniter()
#12 /home/researc4/belajar-kpk-fpb-kelas-5.id/public/index.php(59): CodeIgniter\Boot::bootWeb()
#13 {main}

Next CodeIgniter\Database\Exceptions\DatabaseException: Access denied for user '****'@'localhost' (using password: YES) in /home/researc4/belajar-kpk-fpb-kelas-5.id/system/Database/MySQLi/Connection.php:246
Stack trace:
#0 /home/researc4/belajar-kpk-fpb-kelas-5.id/system/Database/BaseConnection.php(421): CodeIgniter\Database\MySQLi\Connection->connect()
#1 /home/researc4/belajar-kpk-fpb-kelas-5.id/system/Database/BaseConnection.php(620): CodeIgniter\Database\BaseConnection->initialize()
#2 /home/researc4/belajar-kpk-fpb-kelas-5.id/system/Database/BaseBuilder.php(1649): CodeIgniter\Database\BaseConnection->query()
#3 /home/researc4/belajar-kpk-fpb-kelas-5.id/system/Model.php(330): CodeIgniter\Database\BaseBuilder->get()
#4 /home/researc4/belajar-kpk-fpb-kelas-5.id/system/BaseModel.php(717): CodeIgniter\Model->doFirst()
#5 /home/researc4/belajar-kpk-fpb-kelas-5.id/app/Controllers/Login.php(75): CodeIgniter\BaseModel->first()
#6 /home/researc4/belajar-kpk-fpb-kelas-5.id/system/CodeIgniter.php(933): App\Controllers\Login->authSiswa()
#7 /home/researc4/belajar-kpk-fpb-kelas-5.id/system/CodeIgniter.php(507): CodeIgniter\CodeIgniter->runController()
#8 /home/researc4/belajar-kpk-fpb-kelas-5.id/system/CodeIgniter.php(354): CodeIgniter\CodeIgniter->handleRequest()
#9 /home/researc4/belajar-kpk-fpb-kelas-5.id/system/Boot.php(334): CodeIgniter\CodeIgniter->run()
#10 /home/researc4/belajar-kpk-fpb-kelas-5.id/system/Boot.php(67): CodeIgniter\Boot::runCodeIgniter()
#11 /home/researc4/belajar-kpk-fpb-kelas-5.id/public/index.php(59): CodeIgniter\Boot::bootWeb()
#12 {main}
CRITICAL - 2025-11-07 04:11:29 --> CodeIgniter\Database\Exceptions\DatabaseException: Unable to connect to the database.
Main connection [MySQLi]: Access denied for user '****'@'localhost' (using password: YES)
[Method: POST, Route: login/auth/siswa]
in SYSTEMPATH/Database/BaseConnection.php on line 467.
 1 SYSTEMPATH/Database/BaseConnection.php(620): CodeIgniter\Database\BaseConnection->initialize()
 2 SYSTEMPATH/Database/BaseBuilder.php(1649): CodeIgniter\Database\BaseConnection->query()
 3 SYSTEMPATH/Model.php(330): CodeIgniter\Database\BaseBuilder->get()
 4 SYSTEMPATH/BaseModel.php(717): CodeIgniter\Model->doFirst()
 5 APPPATH/Controllers/Login.php(75): CodeIgniter\BaseModel->first()
 6 SYSTEMPATH/CodeIgniter.php(933): App\Controllers\Login->authSiswa()
 7 SYSTEMPATH/CodeIgniter.php(507): CodeIgniter\CodeIgniter->runController()
 8 SYSTEMPATH/CodeIgniter.php(354): CodeIgniter\CodeIgniter->handleRequest()
 9 SYSTEMPATH/Boot.php(334): CodeIgniter\CodeIgniter->run()
10 SYSTEMPATH/Boot.php(67): CodeIgniter\Boot::runCodeIgniter()
11 FCPATH/index.php(59): CodeIgniter\Boot::bootWeb()
ERROR - 2025-11-07 04:11:53 --> Error connecting to the database: mysqli_sql_exception: Access denied for user 'researc4'@'localhost' (using password: YES) in /home/researc4/belajar-kpk-fpb-kelas-5.id/system/Database/MySQLi/Connection.php:201
Stack trace:
#0 /home/researc4/belajar-kpk-fpb-kelas-5.id/system/Database/MySQLi/Connection.php(201): mysqli->real_connect()
#1 /home/researc4/belajar-kpk-fpb-kelas-5.id/system/Database/BaseConnection.php(421): CodeIgniter\Database\MySQLi\Connection->connect()
#2 /home/researc4/belajar-kpk-fpb-kelas-5.id/system/Database/BaseConnection.php(620): CodeIgniter\Database\BaseConnection->initialize()
#3 /home/researc4/belajar-kpk-fpb-kelas-5.id/system/Database/BaseBuilder.php(1649): CodeIgniter\Database\BaseConnection->query()
#4 /home/researc4/belajar-kpk-fpb-kelas-5.id/system/Model.php(330): CodeIgniter\Database\BaseBuilder->get()
#5 /home/researc4/belajar-kpk-fpb-kelas-5.id/system/BaseModel.php(717): CodeIgniter\Model->doFirst()
#6 /home/researc4/belajar-kpk-fpb-kelas-5.id/app/Controllers/Login.php(21): CodeIgniter\BaseModel->first()
#7 /home/researc4/belajar-kpk-fpb-kelas-5.id/system/CodeIgniter.php(933): App\Controllers\Login->authGuru()
#8 /home/researc4/belajar-kpk-fpb-kelas-5.id/system/CodeIgniter.php(507): CodeIgniter\CodeIgniter->runController()
#9 /home/researc4/belajar-kpk-fpb-kelas-5.id/system/CodeIgniter.php(354): CodeIgniter\CodeIgniter->handleRequest()
#10 /home/researc4/belajar-kpk-fpb-kelas-5.id/system/Boot.php(334): CodeIgniter\CodeIgniter->run()
#11 /home/researc4/belajar-kpk-fpb-kelas-5.id/system/Boot.php(67): CodeIgniter\Boot::runCodeIgniter()
#12 /home/researc4/belajar-kpk-fpb-kelas-5.id/public/index.php(59): CodeIgniter\Boot::bootWeb()
#13 {main}

Next CodeIgniter\Database\Exceptions\DatabaseException: Access denied for user '****'@'localhost' (using password: YES) in /home/researc4/belajar-kpk-fpb-kelas-5.id/system/Database/MySQLi/Connection.php:246
Stack trace:
#0 /home/researc4/belajar-kpk-fpb-kelas-5.id/system/Database/BaseConnection.php(421): CodeIgniter\Database\MySQLi\Connection->connect()
#1 /home/researc4/belajar-kpk-fpb-kelas-5.id/system/Database/BaseConnection.php(620): CodeIgniter\Database\BaseConnection->initialize()
#2 /home/researc4/belajar-kpk-fpb-kelas-5.id/system/Database/BaseBuilder.php(1649): CodeIgniter\Database\BaseConnection->query()
#3 /home/researc4/belajar-kpk-fpb-kelas-5.id/system/Model.php(330): CodeIgniter\Database\BaseBuilder->get()
#4 /home/researc4/belajar-kpk-fpb-kelas-5.id/system/BaseModel.php(717): CodeIgniter\Model->doFirst()
#5 /home/researc4/belajar-kpk-fpb-kelas-5.id/app/Controllers/Login.php(21): CodeIgniter\BaseModel->first()
#6 /home/researc4/belajar-kpk-fpb-kelas-5.id/system/CodeIgniter.php(933): App\Controllers\Login->authGuru()
#7 /home/researc4/belajar-kpk-fpb-kelas-5.id/system/CodeIgniter.php(507): CodeIgniter\CodeIgniter->runController()
#8 /home/researc4/belajar-kpk-fpb-kelas-5.id/system/CodeIgniter.php(354): CodeIgniter\CodeIgniter->handleRequest()
#9 /home/researc4/belajar-kpk-fpb-kelas-5.id/system/Boot.php(334): CodeIgniter\CodeIgniter->run()
#10 /home/researc4/belajar-kpk-fpb-kelas-5.id/system/Boot.php(67): CodeIgniter\Boot::runCodeIgniter()
#11 /home/researc4/belajar-kpk-fpb-kelas-5.id/public/index.php(59): CodeIgniter\Boot::bootWeb()
#12 {main}
CRITICAL - 2025-11-07 04:11:53 --> CodeIgniter\Database\Exceptions\DatabaseException: Unable to connect to the database.
Main connection [MySQLi]: Access denied for user '****'@'localhost' (using password: YES)
[Method: POST, Route: login/auth/guru]
in SYSTEMPATH/Database/BaseConnection.php on line 467.
 1 SYSTEMPATH/Database/BaseConnection.php(620): CodeIgniter\Database\BaseConnection->initialize()
 2 SYSTEMPATH/Database/BaseBuilder.php(1649): CodeIgniter\Database\BaseConnection->query()
 3 SYSTEMPATH/Model.php(330): CodeIgniter\Database\BaseBuilder->get()
 4 SYSTEMPATH/BaseModel.php(717): CodeIgniter\Model->doFirst()
 5 APPPATH/Controllers/Login.php(21): CodeIgniter\BaseModel->first()
 6 SYSTEMPATH/CodeIgniter.php(933): App\Controllers\Login->authGuru()
 7 SYSTEMPATH/CodeIgniter.php(507): CodeIgniter\CodeIgniter->runController()
 8 SYSTEMPATH/CodeIgniter.php(354): CodeIgniter\CodeIgniter->handleRequest()
 9 SYSTEMPATH/Boot.php(334): CodeIgniter\CodeIgniter->run()
10 SYSTEMPATH/Boot.php(67): CodeIgniter\Boot::runCodeIgniter()
11 FCPATH/index.php(59): CodeIgniter\Boot::bootWeb()
ERROR - 2025-11-07 04:16:14 --> Error connecting to the database: mysqli_sql_exception: Access denied for user 'researc4'@'localhost' (using password: YES) in /home/researc4/belajar-kpk-fpb-kelas-5.id/system/Database/MySQLi/Connection.php:201
Stack trace:
#0 /home/researc4/belajar-kpk-fpb-kelas-5.id/system/Database/MySQLi/Connection.php(201): mysqli->real_connect()
#1 /home/researc4/belajar-kpk-fpb-kelas-5.id/system/Database/BaseConnection.php(421): CodeIgniter\Database\MySQLi\Connection->connect()
#2 /home/researc4/belajar-kpk-fpb-kelas-5.id/system/Database/BaseConnection.php(620): CodeIgniter\Database\BaseConnection->initialize()
#3 /home/researc4/belajar-kpk-fpb-kelas-5.id/system/Database/BaseBuilder.php(1649): CodeIgniter\Database\BaseConnection->query()
#4 /home/researc4/belajar-kpk-fpb-kelas-5.id/system/Model.php(330): CodeIgniter\Database\BaseBuilder->get()
#5 /home/researc4/belajar-kpk-fpb-kelas-5.id/system/BaseModel.php(717): CodeIgniter\Model->doFirst()
#6 /home/researc4/belajar-kpk-fpb-kelas-5.id/app/Controllers/Login.php(75): CodeIgniter\BaseModel->first()
#7 /home/researc4/belajar-kpk-fpb-kelas-5.id/system/CodeIgniter.php(933): App\Controllers\Login->authSiswa()
#8 /home/researc4/belajar-kpk-fpb-kelas-5.id/system/CodeIgniter.php(507): CodeIgniter\CodeIgniter->runController()
#9 /home/researc4/belajar-kpk-fpb-kelas-5.id/system/CodeIgniter.php(354): CodeIgniter\CodeIgniter->handleRequest()
#10 /home/researc4/belajar-kpk-fpb-kelas-5.id/system/Boot.php(334): CodeIgniter\CodeIgniter->run()
#11 /home/researc4/belajar-kpk-fpb-kelas-5.id/system/Boot.php(67): CodeIgniter\Boot::runCodeIgniter()
#12 /home/researc4/belajar-kpk-fpb-kelas-5.id/public/index.php(59): CodeIgniter\Boot::bootWeb()
#13 {main}

Next CodeIgniter\Database\Exceptions\DatabaseException: Access denied for user '****'@'localhost' (using password: YES) in /home/researc4/belajar-kpk-fpb-kelas-5.id/system/Database/MySQLi/Connection.php:246
Stack trace:
#0 /home/researc4/belajar-kpk-fpb-kelas-5.id/system/Database/BaseConnection.php(421): CodeIgniter\Database\MySQLi\Connection->connect()
#1 /home/researc4/belajar-kpk-fpb-kelas-5.id/system/Database/BaseConnection.php(620): CodeIgniter\Database\BaseConnection->initialize()
#2 /home/researc4/belajar-kpk-fpb-kelas-5.id/system/Database/BaseBuilder.php(1649): CodeIgniter\Database\BaseConnection->query()
#3 /home/researc4/belajar-kpk-fpb-kelas-5.id/system/Model.php(330): CodeIgniter\Database\BaseBuilder->get()
#4 /home/researc4/belajar-kpk-fpb-kelas-5.id/system/BaseModel.php(717): CodeIgniter\Model->doFirst()
#5 /home/researc4/belajar-kpk-fpb-kelas-5.id/app/Controllers/Login.php(75): CodeIgniter\BaseModel->first()
#6 /home/researc4/belajar-kpk-fpb-kelas-5.id/system/CodeIgniter.php(933): App\Controllers\Login->authSiswa()
#7 /home/researc4/belajar-kpk-fpb-kelas-5.id/system/CodeIgniter.php(507): CodeIgniter\CodeIgniter->runController()
#8 /home/researc4/belajar-kpk-fpb-kelas-5.id/system/CodeIgniter.php(354): CodeIgniter\CodeIgniter->handleRequest()
#9 /home/researc4/belajar-kpk-fpb-kelas-5.id/system/Boot.php(334): CodeIgniter\CodeIgniter->run()
#10 /home/researc4/belajar-kpk-fpb-kelas-5.id/system/Boot.php(67): CodeIgniter\Boot::runCodeIgniter()
#11 /home/researc4/belajar-kpk-fpb-kelas-5.id/public/index.php(59): CodeIgniter\Boot::bootWeb()
#12 {main}
CRITICAL - 2025-11-07 04:16:14 --> CodeIgniter\Database\Exceptions\DatabaseException: Unable to connect to the database.
Main connection [MySQLi]: Access denied for user '****'@'localhost' (using password: YES)
[Method: POST, Route: login/auth/siswa]
in SYSTEMPATH/Database/BaseConnection.php on line 467.
 1 SYSTEMPATH/Database/BaseConnection.php(620): CodeIgniter\Database\BaseConnection->initialize()
 2 SYSTEMPATH/Database/BaseBuilder.php(1649): CodeIgniter\Database\BaseConnection->query()
 3 SYSTEMPATH/Model.php(330): CodeIgniter\Database\BaseBuilder->get()
 4 SYSTEMPATH/BaseModel.php(717): CodeIgniter\Model->doFirst()
 5 APPPATH/Controllers/Login.php(75): CodeIgniter\BaseModel->first()
 6 SYSTEMPATH/CodeIgniter.php(933): App\Controllers\Login->authSiswa()
 7 SYSTEMPATH/CodeIgniter.php(507): CodeIgniter\CodeIgniter->runController()
 8 SYSTEMPATH/CodeIgniter.php(354): CodeIgniter\CodeIgniter->handleRequest()
 9 SYSTEMPATH/Boot.php(334): CodeIgniter\CodeIgniter->run()
10 SYSTEMPATH/Boot.php(67): CodeIgniter\Boot::runCodeIgniter()
11 FCPATH/index.php(59): CodeIgniter\Boot::bootWeb()
