CRITICAL - 2025-09-11 01:41:40 --> Error: Class "App\Models\UserModel" not found
[Method: POST, Route: login/auth/guru]
in APPPATH/Controllers/Login.php on line 17.
 1 SYSTEMPATH/CodeIgniter.php(933): App\Controllers\Login->authGuru()
 2 SYSTEMPATH/CodeIgniter.php(507): CodeIgniter\CodeIgniter->runController()
 3 SYSTEMPATH/CodeIgniter.php(354): CodeIgniter\CodeIgniter->handleRequest()
 4 SYSTEMPATH/Boot.php(334): CodeIgniter\CodeIgniter->run()
 5 SYSTEMPATH/Boot.php(67): CodeIgniter\Boot::runCodeIgniter()
 6 FCPATH/index.php(59): CodeIgniter\Boot::bootWeb()
ERROR - 2025-09-11 01:42:17 --> Error connecting to the database: mysqli_sql_exception: Access denied for user 'root'@'localhost' (using password: NO) in /home/researc4/belajar-kpk-fpb-kelas-5.id/system/Database/MySQLi/Connection.php:201
Stack trace:
#0 /home/researc4/belajar-kpk-fpb-kelas-5.id/system/Database/MySQLi/Connection.php(201): mysqli->real_connect()
#1 /home/researc4/belajar-kpk-fpb-kelas-5.id/system/Database/BaseConnection.php(421): CodeIgniter\Database\MySQLi\Connection->connect()
#2 /home/researc4/belajar-kpk-fpb-kelas-5.id/system/Database/BaseConnection.php(620): CodeIgniter\Database\BaseConnection->initialize()
#3 /home/researc4/belajar-kpk-fpb-kelas-5.id/system/Database/BaseBuilder.php(1649): CodeIgniter\Database\BaseConnection->query()
#4 /home/researc4/belajar-kpk-fpb-kelas-5.id/system/Model.php(330): CodeIgniter\Database\BaseBuilder->get()
#5 /home/researc4/belajar-kpk-fpb-kelas-5.id/system/BaseModel.php(717): CodeIgniter\Model->doFirst()
#6 /home/researc4/belajar-kpk-fpb-kelas-5.id/app/Controllers/Login.php(75): CodeIgniter\BaseModel->first()
#7 /home/researc4/belajar-kpk-fpb-kelas-5.id/system/CodeIgniter.php(933): App\Controllers\Login->authSiswa()
#8 /home/researc4/belajar-kpk-fpb-kelas-5.id/system/CodeIgniter.php(507): CodeIgniter\CodeIgniter->runController()
#9 /home/researc4/belajar-kpk-fpb-kelas-5.id/system/CodeIgniter.php(354): CodeIgniter\CodeIgniter->handleRequest()
#10 /home/researc4/belajar-kpk-fpb-kelas-5.id/system/Boot.php(334): CodeIgniter\CodeIgniter->run()
#11 /home/researc4/belajar-kpk-fpb-kelas-5.id/system/Boot.php(67): CodeIgniter\Boot::runCodeIgniter()
#12 /home/researc4/belajar-kpk-fpb-kelas-5.id/public/index.php(59): CodeIgniter\Boot::bootWeb()
#13 {main}

Next CodeIgniter\Database\Exceptions\DatabaseException: Access denied for user '****'@'localhost' (using password: NO) in /home/researc4/belajar-kpk-fpb-kelas-5.id/system/Database/MySQLi/Connection.php:246
Stack trace:
#0 /home/researc4/belajar-kpk-fpb-kelas-5.id/system/Database/BaseConnection.php(421): CodeIgniter\Database\MySQLi\Connection->connect()
#1 /home/researc4/belajar-kpk-fpb-kelas-5.id/system/Database/BaseConnection.php(620): CodeIgniter\Database\BaseConnection->initialize()
#2 /home/researc4/belajar-kpk-fpb-kelas-5.id/system/Database/BaseBuilder.php(1649): CodeIgniter\Database\BaseConnection->query()
#3 /home/researc4/belajar-kpk-fpb-kelas-5.id/system/Model.php(330): CodeIgniter\Database\BaseBuilder->get()
#4 /home/researc4/belajar-kpk-fpb-kelas-5.id/system/BaseModel.php(717): CodeIgniter\Model->doFirst()
#5 /home/researc4/belajar-kpk-fpb-kelas-5.id/app/Controllers/Login.php(75): CodeIgniter\BaseModel->first()
#6 /home/researc4/belajar-kpk-fpb-kelas-5.id/system/CodeIgniter.php(933): App\Controllers\Login->authSiswa()
#7 /home/researc4/belajar-kpk-fpb-kelas-5.id/system/CodeIgniter.php(507): CodeIgniter\CodeIgniter->runController()
#8 /home/researc4/belajar-kpk-fpb-kelas-5.id/system/CodeIgniter.php(354): CodeIgniter\CodeIgniter->handleRequest()
#9 /home/researc4/belajar-kpk-fpb-kelas-5.id/system/Boot.php(334): CodeIgniter\CodeIgniter->run()
#10 /home/researc4/belajar-kpk-fpb-kelas-5.id/system/Boot.php(67): CodeIgniter\Boot::runCodeIgniter()
#11 /home/researc4/belajar-kpk-fpb-kelas-5.id/public/index.php(59): CodeIgniter\Boot::bootWeb()
#12 {main}
CRITICAL - 2025-09-11 01:42:17 --> CodeIgniter\Database\Exceptions\DatabaseException: Unable to connect to the database.
Main connection [MySQLi]: Access denied for user '****'@'localhost' (using password: NO)
[Method: POST, Route: login/auth/siswa]
in SYSTEMPATH/Database/BaseConnection.php on line 467.
 1 SYSTEMPATH/Database/BaseConnection.php(620): CodeIgniter\Database\BaseConnection->initialize()
 2 SYSTEMPATH/Database/BaseBuilder.php(1649): CodeIgniter\Database\BaseConnection->query()
 3 SYSTEMPATH/Model.php(330): CodeIgniter\Database\BaseBuilder->get()
 4 SYSTEMPATH/BaseModel.php(717): CodeIgniter\Model->doFirst()
 5 APPPATH/Controllers/Login.php(75): CodeIgniter\BaseModel->first()
 6 SYSTEMPATH/CodeIgniter.php(933): App\Controllers\Login->authSiswa()
 7 SYSTEMPATH/CodeIgniter.php(507): CodeIgniter\CodeIgniter->runController()
 8 SYSTEMPATH/CodeIgniter.php(354): CodeIgniter\CodeIgniter->handleRequest()
 9 SYSTEMPATH/Boot.php(334): CodeIgniter\CodeIgniter->run()
10 SYSTEMPATH/Boot.php(67): CodeIgniter\Boot::runCodeIgniter()
11 FCPATH/index.php(59): CodeIgniter\Boot::bootWeb()
ERROR - 2025-09-11 01:46:08 --> Error connecting to the database: mysqli_sql_exception: Access denied for user 'root'@'localhost' (using password: NO) in /home/researc4/belajar-kpk-fpb-kelas-5.id/system/Database/MySQLi/Connection.php:201
Stack trace:
#0 /home/researc4/belajar-kpk-fpb-kelas-5.id/system/Database/MySQLi/Connection.php(201): mysqli->real_connect()
#1 /home/researc4/belajar-kpk-fpb-kelas-5.id/system/Database/BaseConnection.php(421): CodeIgniter\Database\MySQLi\Connection->connect()
#2 /home/researc4/belajar-kpk-fpb-kelas-5.id/system/Database/BaseConnection.php(620): CodeIgniter\Database\BaseConnection->initialize()
#3 /home/researc4/belajar-kpk-fpb-kelas-5.id/system/Database/BaseBuilder.php(1649): CodeIgniter\Database\BaseConnection->query()
#4 /home/researc4/belajar-kpk-fpb-kelas-5.id/system/Model.php(330): CodeIgniter\Database\BaseBuilder->get()
#5 /home/researc4/belajar-kpk-fpb-kelas-5.id/system/BaseModel.php(717): CodeIgniter\Model->doFirst()
#6 /home/researc4/belajar-kpk-fpb-kelas-5.id/app/Controllers/Login.php(75): CodeIgniter\BaseModel->first()
#7 /home/researc4/belajar-kpk-fpb-kelas-5.id/system/CodeIgniter.php(933): App\Controllers\Login->authSiswa()
#8 /home/researc4/belajar-kpk-fpb-kelas-5.id/system/CodeIgniter.php(507): CodeIgniter\CodeIgniter->runController()
#9 /home/researc4/belajar-kpk-fpb-kelas-5.id/system/CodeIgniter.php(354): CodeIgniter\CodeIgniter->handleRequest()
#10 /home/researc4/belajar-kpk-fpb-kelas-5.id/system/Boot.php(334): CodeIgniter\CodeIgniter->run()
#11 /home/researc4/belajar-kpk-fpb-kelas-5.id/system/Boot.php(67): CodeIgniter\Boot::runCodeIgniter()
#12 /home/researc4/belajar-kpk-fpb-kelas-5.id/public/index.php(59): CodeIgniter\Boot::bootWeb()
#13 {main}

Next CodeIgniter\Database\Exceptions\DatabaseException: Access denied for user '****'@'localhost' (using password: NO) in /home/researc4/belajar-kpk-fpb-kelas-5.id/system/Database/MySQLi/Connection.php:246
Stack trace:
#0 /home/researc4/belajar-kpk-fpb-kelas-5.id/system/Database/BaseConnection.php(421): CodeIgniter\Database\MySQLi\Connection->connect()
#1 /home/researc4/belajar-kpk-fpb-kelas-5.id/system/Database/BaseConnection.php(620): CodeIgniter\Database\BaseConnection->initialize()
#2 /home/researc4/belajar-kpk-fpb-kelas-5.id/system/Database/BaseBuilder.php(1649): CodeIgniter\Database\BaseConnection->query()
#3 /home/researc4/belajar-kpk-fpb-kelas-5.id/system/Model.php(330): CodeIgniter\Database\BaseBuilder->get()
#4 /home/researc4/belajar-kpk-fpb-kelas-5.id/system/BaseModel.php(717): CodeIgniter\Model->doFirst()
#5 /home/researc4/belajar-kpk-fpb-kelas-5.id/app/Controllers/Login.php(75): CodeIgniter\BaseModel->first()
#6 /home/researc4/belajar-kpk-fpb-kelas-5.id/system/CodeIgniter.php(933): App\Controllers\Login->authSiswa()
#7 /home/researc4/belajar-kpk-fpb-kelas-5.id/system/CodeIgniter.php(507): CodeIgniter\CodeIgniter->runController()
#8 /home/researc4/belajar-kpk-fpb-kelas-5.id/system/CodeIgniter.php(354): CodeIgniter\CodeIgniter->handleRequest()
#9 /home/researc4/belajar-kpk-fpb-kelas-5.id/system/Boot.php(334): CodeIgniter\CodeIgniter->run()
#10 /home/researc4/belajar-kpk-fpb-kelas-5.id/system/Boot.php(67): CodeIgniter\Boot::runCodeIgniter()
#11 /home/researc4/belajar-kpk-fpb-kelas-5.id/public/index.php(59): CodeIgniter\Boot::bootWeb()
#12 {main}
CRITICAL - 2025-09-11 01:46:08 --> CodeIgniter\Database\Exceptions\DatabaseException: Unable to connect to the database.
Main connection [MySQLi]: Access denied for user '****'@'localhost' (using password: NO)
[Method: POST, Route: login/auth/siswa]
in SYSTEMPATH/Database/BaseConnection.php on line 467.
 1 SYSTEMPATH/Database/BaseConnection.php(620): CodeIgniter\Database\BaseConnection->initialize()
 2 SYSTEMPATH/Database/BaseBuilder.php(1649): CodeIgniter\Database\BaseConnection->query()
 3 SYSTEMPATH/Model.php(330): CodeIgniter\Database\BaseBuilder->get()
 4 SYSTEMPATH/BaseModel.php(717): CodeIgniter\Model->doFirst()
 5 APPPATH/Controllers/Login.php(75): CodeIgniter\BaseModel->first()
 6 SYSTEMPATH/CodeIgniter.php(933): App\Controllers\Login->authSiswa()
 7 SYSTEMPATH/CodeIgniter.php(507): CodeIgniter\CodeIgniter->runController()
 8 SYSTEMPATH/CodeIgniter.php(354): CodeIgniter\CodeIgniter->handleRequest()
 9 SYSTEMPATH/Boot.php(334): CodeIgniter\CodeIgniter->run()
10 SYSTEMPATH/Boot.php(67): CodeIgniter\Boot::runCodeIgniter()
11 FCPATH/index.php(59): CodeIgniter\Boot::bootWeb()
ERROR - 2025-09-11 01:55:04 --> Error connecting to the database: mysqli_sql_exception: Access denied for user 'root'@'localhost' (using password: NO) in /home/researc4/belajar-kpk-fpb-kelas-5.id/system/Database/MySQLi/Connection.php:201
Stack trace:
#0 /home/researc4/belajar-kpk-fpb-kelas-5.id/system/Database/MySQLi/Connection.php(201): mysqli->real_connect()
#1 /home/researc4/belajar-kpk-fpb-kelas-5.id/system/Database/BaseConnection.php(421): CodeIgniter\Database\MySQLi\Connection->connect()
#2 /home/researc4/belajar-kpk-fpb-kelas-5.id/system/Database/BaseConnection.php(620): CodeIgniter\Database\BaseConnection->initialize()
#3 /home/researc4/belajar-kpk-fpb-kelas-5.id/system/Database/BaseBuilder.php(1649): CodeIgniter\Database\BaseConnection->query()
#4 /home/researc4/belajar-kpk-fpb-kelas-5.id/system/Model.php(330): CodeIgniter\Database\BaseBuilder->get()
#5 /home/researc4/belajar-kpk-fpb-kelas-5.id/system/BaseModel.php(717): CodeIgniter\Model->doFirst()
#6 /home/researc4/belajar-kpk-fpb-kelas-5.id/app/Controllers/Login.php(75): CodeIgniter\BaseModel->first()
#7 /home/researc4/belajar-kpk-fpb-kelas-5.id/system/CodeIgniter.php(933): App\Controllers\Login->authSiswa()
#8 /home/researc4/belajar-kpk-fpb-kelas-5.id/system/CodeIgniter.php(507): CodeIgniter\CodeIgniter->runController()
#9 /home/researc4/belajar-kpk-fpb-kelas-5.id/system/CodeIgniter.php(354): CodeIgniter\CodeIgniter->handleRequest()
#10 /home/researc4/belajar-kpk-fpb-kelas-5.id/system/Boot.php(334): CodeIgniter\CodeIgniter->run()
#11 /home/researc4/belajar-kpk-fpb-kelas-5.id/system/Boot.php(67): CodeIgniter\Boot::runCodeIgniter()
#12 /home/researc4/belajar-kpk-fpb-kelas-5.id/public/index.php(59): CodeIgniter\Boot::bootWeb()
#13 {main}

Next CodeIgniter\Database\Exceptions\DatabaseException: Access denied for user '****'@'localhost' (using password: NO) in /home/researc4/belajar-kpk-fpb-kelas-5.id/system/Database/MySQLi/Connection.php:246
Stack trace:
#0 /home/researc4/belajar-kpk-fpb-kelas-5.id/system/Database/BaseConnection.php(421): CodeIgniter\Database\MySQLi\Connection->connect()
#1 /home/researc4/belajar-kpk-fpb-kelas-5.id/system/Database/BaseConnection.php(620): CodeIgniter\Database\BaseConnection->initialize()
#2 /home/researc4/belajar-kpk-fpb-kelas-5.id/system/Database/BaseBuilder.php(1649): CodeIgniter\Database\BaseConnection->query()
#3 /home/researc4/belajar-kpk-fpb-kelas-5.id/system/Model.php(330): CodeIgniter\Database\BaseBuilder->get()
#4 /home/researc4/belajar-kpk-fpb-kelas-5.id/system/BaseModel.php(717): CodeIgniter\Model->doFirst()
#5 /home/researc4/belajar-kpk-fpb-kelas-5.id/app/Controllers/Login.php(75): CodeIgniter\BaseModel->first()
#6 /home/researc4/belajar-kpk-fpb-kelas-5.id/system/CodeIgniter.php(933): App\Controllers\Login->authSiswa()
#7 /home/researc4/belajar-kpk-fpb-kelas-5.id/system/CodeIgniter.php(507): CodeIgniter\CodeIgniter->runController()
#8 /home/researc4/belajar-kpk-fpb-kelas-5.id/system/CodeIgniter.php(354): CodeIgniter\CodeIgniter->handleRequest()
#9 /home/researc4/belajar-kpk-fpb-kelas-5.id/system/Boot.php(334): CodeIgniter\CodeIgniter->run()
#10 /home/researc4/belajar-kpk-fpb-kelas-5.id/system/Boot.php(67): CodeIgniter\Boot::runCodeIgniter()
#11 /home/researc4/belajar-kpk-fpb-kelas-5.id/public/index.php(59): CodeIgniter\Boot::bootWeb()
#12 {main}
CRITICAL - 2025-09-11 01:55:04 --> CodeIgniter\Database\Exceptions\DatabaseException: Unable to connect to the database.
Main connection [MySQLi]: Access denied for user '****'@'localhost' (using password: NO)
[Method: POST, Route: login/auth/siswa]
in SYSTEMPATH/Database/BaseConnection.php on line 467.
 1 SYSTEMPATH/Database/BaseConnection.php(620): CodeIgniter\Database\BaseConnection->initialize()
 2 SYSTEMPATH/Database/BaseBuilder.php(1649): CodeIgniter\Database\BaseConnection->query()
 3 SYSTEMPATH/Model.php(330): CodeIgniter\Database\BaseBuilder->get()
 4 SYSTEMPATH/BaseModel.php(717): CodeIgniter\Model->doFirst()
 5 APPPATH/Controllers/Login.php(75): CodeIgniter\BaseModel->first()
 6 SYSTEMPATH/CodeIgniter.php(933): App\Controllers\Login->authSiswa()
 7 SYSTEMPATH/CodeIgniter.php(507): CodeIgniter\CodeIgniter->runController()
 8 SYSTEMPATH/CodeIgniter.php(354): CodeIgniter\CodeIgniter->handleRequest()
 9 SYSTEMPATH/Boot.php(334): CodeIgniter\CodeIgniter->run()
10 SYSTEMPATH/Boot.php(67): CodeIgniter\Boot::runCodeIgniter()
11 FCPATH/index.php(59): CodeIgniter\Boot::bootWeb()
CRITICAL - 2025-09-11 01:55:11 --> Error: Class "App\Models\UserModel" not found
[Method: POST, Route: login/auth/guru]
in APPPATH/Controllers/Login.php on line 17.
 1 SYSTEMPATH/CodeIgniter.php(933): App\Controllers\Login->authGuru()
 2 SYSTEMPATH/CodeIgniter.php(507): CodeIgniter\CodeIgniter->runController()
 3 SYSTEMPATH/CodeIgniter.php(354): CodeIgniter\CodeIgniter->handleRequest()
 4 SYSTEMPATH/Boot.php(334): CodeIgniter\CodeIgniter->run()
 5 SYSTEMPATH/Boot.php(67): CodeIgniter\Boot::runCodeIgniter()
 6 FCPATH/index.php(59): CodeIgniter\Boot::bootWeb()
CRITICAL - 2025-09-11 02:19:22 --> Error: Class "App\Models\UserModel" not found
[Method: POST, Route: login/auth/guru]
in APPPATH/Controllers/Login.php on line 17.
 1 SYSTEMPATH/CodeIgniter.php(933): App\Controllers\Login->authGuru()
 2 SYSTEMPATH/CodeIgniter.php(507): CodeIgniter\CodeIgniter->runController()
 3 SYSTEMPATH/CodeIgniter.php(354): CodeIgniter\CodeIgniter->handleRequest()
 4 SYSTEMPATH/Boot.php(334): CodeIgniter\CodeIgniter->run()
 5 SYSTEMPATH/Boot.php(67): CodeIgniter\Boot::runCodeIgniter()
 6 FCPATH/index.php(59): CodeIgniter\Boot::bootWeb()
CRITICAL - 2025-09-11 02:19:43 --> Error: Class "App\Models\UserModel" not found
[Method: POST, Route: login/auth/guru]
in APPPATH/Controllers/Login.php on line 17.
 1 SYSTEMPATH/CodeIgniter.php(933): App\Controllers\Login->authGuru()
 2 SYSTEMPATH/CodeIgniter.php(507): CodeIgniter\CodeIgniter->runController()
 3 SYSTEMPATH/CodeIgniter.php(354): CodeIgniter\CodeIgniter->handleRequest()
 4 SYSTEMPATH/Boot.php(334): CodeIgniter\CodeIgniter->run()
 5 SYSTEMPATH/Boot.php(67): CodeIgniter\Boot::runCodeIgniter()
 6 FCPATH/index.php(59): CodeIgniter\Boot::bootWeb()
CRITICAL - 2025-09-11 02:21:03 --> Error: Class "App\Models\UserModel" not found
[Method: POST, Route: login/auth/guru]
in APPPATH/Controllers/Login.php on line 17.
 1 SYSTEMPATH/CodeIgniter.php(933): App\Controllers\Login->authGuru()
 2 SYSTEMPATH/CodeIgniter.php(507): CodeIgniter\CodeIgniter->runController()
 3 SYSTEMPATH/CodeIgniter.php(354): CodeIgniter\CodeIgniter->handleRequest()
 4 SYSTEMPATH/Boot.php(334): CodeIgniter\CodeIgniter->run()
 5 SYSTEMPATH/Boot.php(67): CodeIgniter\Boot::runCodeIgniter()
 6 FCPATH/index.php(59): CodeIgniter\Boot::bootWeb()
CRITICAL - 2025-09-11 02:30:10 --> Error: Class "App\Models\UserModel" not found
[Method: POST, Route: login/auth/guru]
in APPPATH/Controllers/Login.php on line 17.
 1 SYSTEMPATH/CodeIgniter.php(933): App\Controllers\Login->authGuru()
 2 SYSTEMPATH/CodeIgniter.php(507): CodeIgniter\CodeIgniter->runController()
 3 SYSTEMPATH/CodeIgniter.php(354): CodeIgniter\CodeIgniter->handleRequest()
 4 SYSTEMPATH/Boot.php(334): CodeIgniter\CodeIgniter->run()
 5 SYSTEMPATH/Boot.php(67): CodeIgniter\Boot::runCodeIgniter()
 6 FCPATH/index.php(59): CodeIgniter\Boot::bootWeb()
CRITICAL - 2025-09-11 02:31:19 --> Error: Class "App\Models\SiswafpbModel" not found
[Method: GET, Route: guru/nilai-fpb]
in APPPATH/Controllers/Guru.php on line 463.
 1 SYSTEMPATH/CodeIgniter.php(933): App\Controllers\Guru->nilaiFpb()
 2 SYSTEMPATH/CodeIgniter.php(507): CodeIgniter\CodeIgniter->runController()
 3 SYSTEMPATH/CodeIgniter.php(354): CodeIgniter\CodeIgniter->handleRequest()
 4 SYSTEMPATH/Boot.php(334): CodeIgniter\CodeIgniter->run()
 5 SYSTEMPATH/Boot.php(67): CodeIgniter\Boot::runCodeIgniter()
 6 FCPATH/index.php(59): CodeIgniter\Boot::bootWeb()
CRITICAL - 2025-09-11 02:32:04 --> Error: Class "App\Models\SiswafaktorprimaModel" not found
[Method: GET, Route: guru/nilai-faktor-prima]
in APPPATH/Controllers/Guru.php on line 475.
 1 SYSTEMPATH/CodeIgniter.php(933): App\Controllers\Guru->nilaiFaktorPrima()
 2 SYSTEMPATH/CodeIgniter.php(507): CodeIgniter\CodeIgniter->runController()
 3 SYSTEMPATH/CodeIgniter.php(354): CodeIgniter\CodeIgniter->handleRequest()
 4 SYSTEMPATH/Boot.php(334): CodeIgniter\CodeIgniter->run()
 5 SYSTEMPATH/Boot.php(67): CodeIgniter\Boot::runCodeIgniter()
 6 FCPATH/index.php(59): CodeIgniter\Boot::bootWeb()
CRITICAL - 2025-09-11 02:32:36 --> Error: Class "App\Models\SiswaevaluasiModel" not found
[Method: GET, Route: guru/nilai-evaluasi]
in APPPATH/Controllers/Guru.php on line 488.
 1 SYSTEMPATH/CodeIgniter.php(933): App\Controllers\Guru->nilaiEvaluasi()
 2 SYSTEMPATH/CodeIgniter.php(507): CodeIgniter\CodeIgniter->runController()
 3 SYSTEMPATH/CodeIgniter.php(354): CodeIgniter\CodeIgniter->handleRequest()
 4 SYSTEMPATH/Boot.php(334): CodeIgniter\CodeIgniter->run()
 5 SYSTEMPATH/Boot.php(67): CodeIgniter\Boot::runCodeIgniter()
 6 FCPATH/index.php(59): CodeIgniter\Boot::bootWeb()
CRITICAL - 2025-09-11 02:33:15 --> Error: Class "App\Models\SiswaFpbModel" not found
[Method: GET, Route: siswa]
in APPPATH/Controllers/Siswa.php on line 39.
 1 SYSTEMPATH/CodeIgniter.php(903): App\Controllers\Siswa->__construct()
 2 SYSTEMPATH/CodeIgniter.php(498): CodeIgniter\CodeIgniter->createController()
 3 SYSTEMPATH/CodeIgniter.php(354): CodeIgniter\CodeIgniter->handleRequest()
 4 SYSTEMPATH/Boot.php(334): CodeIgniter\CodeIgniter->run()
 5 SYSTEMPATH/Boot.php(67): CodeIgniter\Boot::runCodeIgniter()
 6 FCPATH/index.php(59): CodeIgniter\Boot::bootWeb()
CRITICAL - 2025-09-11 02:33:23 --> Error: Class "App\Models\SiswaFpbModel" not found
[Method: GET, Route: siswa]
in APPPATH/Controllers/Siswa.php on line 39.
 1 SYSTEMPATH/CodeIgniter.php(903): App\Controllers\Siswa->__construct()
 2 SYSTEMPATH/CodeIgniter.php(498): CodeIgniter\CodeIgniter->createController()
 3 SYSTEMPATH/CodeIgniter.php(354): CodeIgniter\CodeIgniter->handleRequest()
 4 SYSTEMPATH/Boot.php(334): CodeIgniter\CodeIgniter->run()
 5 SYSTEMPATH/Boot.php(67): CodeIgniter\Boot::runCodeIgniter()
 6 FCPATH/index.php(59): CodeIgniter\Boot::bootWeb()
CRITICAL - 2025-09-11 02:33:57 --> Error: Class "App\Models\SiswaFpbModel" not found
[Method: GET, Route: siswa]
in APPPATH/Controllers/Siswa.php on line 39.
 1 SYSTEMPATH/CodeIgniter.php(903): App\Controllers\Siswa->__construct()
 2 SYSTEMPATH/CodeIgniter.php(498): CodeIgniter\CodeIgniter->createController()
 3 SYSTEMPATH/CodeIgniter.php(354): CodeIgniter\CodeIgniter->handleRequest()
 4 SYSTEMPATH/Boot.php(334): CodeIgniter\CodeIgniter->run()
 5 SYSTEMPATH/Boot.php(67): CodeIgniter\Boot::runCodeIgniter()
 6 FCPATH/index.php(59): CodeIgniter\Boot::bootWeb()
CRITICAL - 2025-09-11 02:36:34 --> Error: Class "App\Models\SiswaFaktorprimaModel" not found
[Method: GET, Route: siswa]
in APPPATH/Controllers/Siswa.php on line 41.
 1 SYSTEMPATH/CodeIgniter.php(903): App\Controllers\Siswa->__construct()
 2 SYSTEMPATH/CodeIgniter.php(498): CodeIgniter\CodeIgniter->createController()
 3 SYSTEMPATH/CodeIgniter.php(354): CodeIgniter\CodeIgniter->handleRequest()
 4 SYSTEMPATH/Boot.php(334): CodeIgniter\CodeIgniter->run()
 5 SYSTEMPATH/Boot.php(67): CodeIgniter\Boot::runCodeIgniter()
 6 FCPATH/index.php(59): CodeIgniter\Boot::bootWeb()
CRITICAL - 2025-09-11 02:36:58 --> Error: Class "App\Models\SiswaEvaluasiModel" not found
[Method: GET, Route: siswa]
in APPPATH/Controllers/Siswa.php on line 43.
 1 SYSTEMPATH/CodeIgniter.php(903): App\Controllers\Siswa->__construct()
 2 SYSTEMPATH/CodeIgniter.php(498): CodeIgniter\CodeIgniter->createController()
 3 SYSTEMPATH/CodeIgniter.php(354): CodeIgniter\CodeIgniter->handleRequest()
 4 SYSTEMPATH/Boot.php(334): CodeIgniter\CodeIgniter->run()
 5 SYSTEMPATH/Boot.php(67): CodeIgniter\Boot::runCodeIgniter()
 6 FCPATH/index.php(59): CodeIgniter\Boot::bootWeb()
CRITICAL - 2025-09-11 02:37:29 --> Error: Class "App\Models\SiswafaktorprimaModel" not found
[Method: GET, Route: guru/nilai-faktor-prima]
in APPPATH/Controllers/Guru.php on line 475.
 1 SYSTEMPATH/CodeIgniter.php(933): App\Controllers\Guru->nilaiFaktorPrima()
 2 SYSTEMPATH/CodeIgniter.php(507): CodeIgniter\CodeIgniter->runController()
 3 SYSTEMPATH/CodeIgniter.php(354): CodeIgniter\CodeIgniter->handleRequest()
 4 SYSTEMPATH/Boot.php(334): CodeIgniter\CodeIgniter->run()
 5 SYSTEMPATH/Boot.php(67): CodeIgniter\Boot::runCodeIgniter()
 6 FCPATH/index.php(59): CodeIgniter\Boot::bootWeb()
CRITICAL - 2025-09-11 02:38:34 --> Error: Class "App\Models\SiswafpbModel" not found
[Method: GET, Route: guru/nilai-fpb]
in APPPATH/Controllers/Guru.php on line 463.
 1 SYSTEMPATH/CodeIgniter.php(933): App\Controllers\Guru->nilaiFpb()
 2 SYSTEMPATH/CodeIgniter.php(507): CodeIgniter\CodeIgniter->runController()
 3 SYSTEMPATH/CodeIgniter.php(354): CodeIgniter\CodeIgniter->handleRequest()
 4 SYSTEMPATH/Boot.php(334): CodeIgniter\CodeIgniter->run()
 5 SYSTEMPATH/Boot.php(67): CodeIgniter\Boot::runCodeIgniter()
 6 FCPATH/index.php(59): CodeIgniter\Boot::bootWeb()
CRITICAL - 2025-09-11 02:52:39 --> Error: Class "App\Models\SiswaevaluasiModel" not found
[Method: GET, Route: guru/nilai-evaluasi]
in APPPATH/Controllers/Guru.php on line 488.
 1 SYSTEMPATH/CodeIgniter.php(933): App\Controllers\Guru->nilaiEvaluasi()
 2 SYSTEMPATH/CodeIgniter.php(507): CodeIgniter\CodeIgniter->runController()
 3 SYSTEMPATH/CodeIgniter.php(354): CodeIgniter\CodeIgniter->handleRequest()
 4 SYSTEMPATH/Boot.php(334): CodeIgniter\CodeIgniter->run()
 5 SYSTEMPATH/Boot.php(67): CodeIgniter\Boot::runCodeIgniter()
 6 FCPATH/index.php(59): CodeIgniter\Boot::bootWeb()
