ERROR - 2025-06-09 03:17:51 --> Error connecting to the database: mysqli_sql_exception: No connection could be made because the target machine actively refused it in D:\XAMPP-Update\htdocs\Belajar-KPK-dan-FPB-kelas-5\system\Database\MySQLi\Connection.php:201
Stack trace:
#0 D:\XAMPP-Update\htdocs\Belajar-KPK-dan-FPB-kelas-5\system\Database\MySQLi\Connection.php(201): mysqli->real_connect('localhost', 'root', Object(SensitiveParameterValue), 'dbsekolah', 3306, '', 0)
#1 D:\XAMPP-Update\htdocs\Belajar-KPK-dan-FPB-kelas-5\system\Database\BaseConnection.php(421): CodeIgniter\Database\MySQLi\Connection->connect(false)
#2 D:\XAMPP-Update\htdocs\Belajar-KPK-dan-FPB-kelas-5\system\Database\BaseConnection.php(620): CodeIgniter\Database\BaseConnection->initialize()
#3 D:\XAMPP-Update\htdocs\Belajar-KPK-dan-FPB-kelas-5\system\Database\BaseBuilder.php(1649): CodeIgniter\Database\BaseConnection->query('SELECT *\nFROM `...', Array, false)
#4 D:\XAMPP-Update\htdocs\Belajar-KPK-dan-FPB-kelas-5\system\Model.php(330): CodeIgniter\Database\BaseBuilder->get()
#5 D:\XAMPP-Update\htdocs\Belajar-KPK-dan-FPB-kelas-5\system\BaseModel.php(717): CodeIgniter\Model->doFirst()
#6 D:\XAMPP-Update\htdocs\Belajar-KPK-dan-FPB-kelas-5\app\Controllers\Login.php(75): CodeIgniter\BaseModel->first()
#7 D:\XAMPP-Update\htdocs\Belajar-KPK-dan-FPB-kelas-5\system\CodeIgniter.php(933): App\Controllers\Login->authSiswa()
#8 D:\XAMPP-Update\htdocs\Belajar-KPK-dan-FPB-kelas-5\system\CodeIgniter.php(507): CodeIgniter\CodeIgniter->runController(Object(App\Controllers\Login))
#9 D:\XAMPP-Update\htdocs\Belajar-KPK-dan-FPB-kelas-5\system\CodeIgniter.php(354): CodeIgniter\CodeIgniter->handleRequest(NULL, Object(Config\Cache), false)
#10 D:\XAMPP-Update\htdocs\Belajar-KPK-dan-FPB-kelas-5\system\Boot.php(334): CodeIgniter\CodeIgniter->run()
#11 D:\XAMPP-Update\htdocs\Belajar-KPK-dan-FPB-kelas-5\system\Boot.php(67): CodeIgniter\Boot::runCodeIgniter(Object(CodeIgniter\CodeIgniter))
#12 D:\XAMPP-Update\htdocs\Belajar-KPK-dan-FPB-kelas-5\public\index.php(59): CodeIgniter\Boot::bootWeb(Object(Config\Paths))
#13 {main}

Next CodeIgniter\Database\Exceptions\DatabaseException: No connection could be made because the target machine actively refused it in D:\XAMPP-Update\htdocs\Belajar-KPK-dan-FPB-kelas-5\system\Database\MySQLi\Connection.php:246
Stack trace:
#0 D:\XAMPP-Update\htdocs\Belajar-KPK-dan-FPB-kelas-5\system\Database\BaseConnection.php(421): CodeIgniter\Database\MySQLi\Connection->connect(false)
#1 D:\XAMPP-Update\htdocs\Belajar-KPK-dan-FPB-kelas-5\system\Database\BaseConnection.php(620): CodeIgniter\Database\BaseConnection->initialize()
#2 D:\XAMPP-Update\htdocs\Belajar-KPK-dan-FPB-kelas-5\system\Database\BaseBuilder.php(1649): CodeIgniter\Database\BaseConnection->query('SELECT *\nFROM `...', Array, false)
#3 D:\XAMPP-Update\htdocs\Belajar-KPK-dan-FPB-kelas-5\system\Model.php(330): CodeIgniter\Database\BaseBuilder->get()
#4 D:\XAMPP-Update\htdocs\Belajar-KPK-dan-FPB-kelas-5\system\BaseModel.php(717): CodeIgniter\Model->doFirst()
#5 D:\XAMPP-Update\htdocs\Belajar-KPK-dan-FPB-kelas-5\app\Controllers\Login.php(75): CodeIgniter\BaseModel->first()
#6 D:\XAMPP-Update\htdocs\Belajar-KPK-dan-FPB-kelas-5\system\CodeIgniter.php(933): App\Controllers\Login->authSiswa()
#7 D:\XAMPP-Update\htdocs\Belajar-KPK-dan-FPB-kelas-5\system\CodeIgniter.php(507): CodeIgniter\CodeIgniter->runController(Object(App\Controllers\Login))
#8 D:\XAMPP-Update\htdocs\Belajar-KPK-dan-FPB-kelas-5\system\CodeIgniter.php(354): CodeIgniter\CodeIgniter->handleRequest(NULL, Object(Config\Cache), false)
#9 D:\XAMPP-Update\htdocs\Belajar-KPK-dan-FPB-kelas-5\system\Boot.php(334): CodeIgniter\CodeIgniter->run()
#10 D:\XAMPP-Update\htdocs\Belajar-KPK-dan-FPB-kelas-5\system\Boot.php(67): CodeIgniter\Boot::runCodeIgniter(Object(CodeIgniter\CodeIgniter))
#11 D:\XAMPP-Update\htdocs\Belajar-KPK-dan-FPB-kelas-5\public\index.php(59): CodeIgniter\Boot::bootWeb(Object(Config\Paths))
#12 {main}
CRITICAL - 2025-06-09 03:17:51 --> CodeIgniter\Database\Exceptions\DatabaseException: Unable to connect to the database.
Main connection [MySQLi]: No connection could be made because the target machine actively refused it
[Method: POST, Route: login/auth/siswa]
in SYSTEMPATH\Database\BaseConnection.php on line 467.
 1 SYSTEMPATH\Database\BaseConnection.php(620): CodeIgniter\Database\BaseConnection->initialize()
 2 SYSTEMPATH\Database\BaseBuilder.php(1649): CodeIgniter\Database\BaseConnection->query('SELECT *
FROM `students`
WHERE `username` = :username:
 LIMIT 1', [...], false)
 3 SYSTEMPATH\Model.php(330): CodeIgniter\Database\BaseBuilder->get()
 4 SYSTEMPATH\BaseModel.php(717): CodeIgniter\Model->doFirst()
 5 APPPATH\Controllers\Login.php(75): CodeIgniter\BaseModel->first()
 6 SYSTEMPATH\CodeIgniter.php(933): App\Controllers\Login->authSiswa()
 7 SYSTEMPATH\CodeIgniter.php(507): CodeIgniter\CodeIgniter->runController(Object(App\Controllers\Login))
 8 SYSTEMPATH\CodeIgniter.php(354): CodeIgniter\CodeIgniter->handleRequest(null, Object(Config\Cache), false)
 9 SYSTEMPATH\Boot.php(334): CodeIgniter\CodeIgniter->run()
10 SYSTEMPATH\Boot.php(67): CodeIgniter\Boot::runCodeIgniter(Object(CodeIgniter\CodeIgniter))
11 FCPATH\index.php(59): CodeIgniter\Boot::bootWeb(Object(Config\Paths))
